<?xml version="1.0" encoding="UTF-8"?>
<!-- Generated by org.testng.reporters.JUnitXMLReporter -->
<testsuite ignored="2" hostname="DESKTOP-DO4RSNU" failures="0" tests="2" name="DynamicHTMLTablePageTest-Chrome" time="12.563" errors="0" timestamp="2023-12-28T13:06:11 IST">
  <testcase classname="caw.studios.testcases.web.LaunchWebSitePageTest" name="launchWebSiteFunctionalityCheck" time="3.898"/>
  <testcase classname="caw.studios.testcases.web.DynamicHTMLTablePageTest" name="inputDataFunctionalityCheck" time="2.449"/>
  <testcase classname="caw.studios.base.BaseTests" name="@AfterTest tearDown" time="0.0">
    <ignored/>
  </testcase> <!-- @AfterTest tearDown -->
  <testcase classname="caw.studios.base.BaseTests" name="@BeforeTest initializeDriver" time="0.0">
    <ignored/>
  </testcase> <!-- @BeforeTest initializeDriver -->
</testsuite> <!-- DynamicHTMLTablePageTest-Chrome -->
