<?xml version="1.0" encoding="UTF-8"?>
<testng-results ignored="4" total="8" passed="4" failed="0" skipped="0">
  <reporter-output>
  </reporter-output>
  <suite started-at="2023-12-28T12:36:16 IST" name="DynamicHTMLTablePageTest" finished-at="2023-12-28T12:36:26 IST" duration-ms="9976">
    <groups>
    </groups>
    <test started-at="2023-12-28T12:36:16 IST" name="DynamicHTMLTablePageTest-Edge" finished-at="2023-12-28T12:36:26 IST" duration-ms="9976">
      <class name="caw.studios.testcases.web.LaunchWebSitePageTest">
        <test-method is-config="true" signature="initializeDriver(java.lang.String,java.lang.String)[pri:0, instance:caw.studios.testcases.web.LaunchWebSitePageTest@32a68f4f]" started-at="2023-12-28T12:36:16 IST" name="initializeDriver" finished-at="2023-12-28T12:36:22 IST" duration-ms="5453" status="PASS">
          <params>
            <param index="0">
              <value>
                <![CDATA[edge]]>
              </value>
            </param>
            <param index="1">
              <value>
                <![CDATA[web]]>
              </value>
            </param>
          </params>
          <reporter-output>
          </reporter-output>
        </test-method> <!-- initializeDriver -->
        <test-method is-config="true" signature="launchWebsite()[pri:0, instance:caw.studios.testcases.web.LaunchWebSitePageTest@32a68f4f]" started-at="2023-12-28T12:36:22 IST" name="launchWebsite" finished-at="2023-12-28T12:36:22 IST" duration-ms="1" status="PASS">
          <reporter-output>
          </reporter-output>
        </test-method> <!-- launchWebsite -->
        <test-method signature="launchWebSiteFunctionalityCheck(java.lang.String)[pri:0, instance:caw.studios.testcases.web.LaunchWebSitePageTest@32a68f4f]" started-at="2023-12-28T12:36:22 IST" name="launchWebSiteFunctionalityCheck" data-provider="URL" finished-at="2023-12-28T12:36:23 IST" duration-ms="1237" status="PASS">
          <params>
            <param index="0">
              <value>
                <![CDATA[https://testpages.herokuapp.com/styled/tag/dynamic-table.html]]>
              </value>
            </param>
          </params>
          <reporter-output>
          </reporter-output>
        </test-method> <!-- launchWebSiteFunctionalityCheck -->
        <test-method is-config="true" signature="tearDown()[pri:0, instance:caw.studios.testcases.web.LaunchWebSitePageTest@32a68f4f]" started-at="2023-12-28T12:36:26 IST" name="tearDown" finished-at="2023-12-28T12:36:26 IST" duration-ms="217" status="PASS">
          <reporter-output>
          </reporter-output>
        </test-method> <!-- tearDown -->
      </class> <!-- caw.studios.testcases.web.LaunchWebSitePageTest -->
      <class name="caw.studios.testcases.web.DynamicHTMLTablePageTest">
        <test-method is-config="true" signature="launchDynamicHTMLTablePage()[pri:0, instance:caw.studios.testcases.web.DynamicHTMLTablePageTest@73194df]" started-at="2023-12-28T12:36:23 IST" name="launchDynamicHTMLTablePage" finished-at="2023-12-28T12:36:24 IST" duration-ms="4" status="PASS">
          <reporter-output>
          </reporter-output>
        </test-method> <!-- launchDynamicHTMLTablePage -->
        <test-method signature="inputDataFunctionalityCheck(java.lang.Object)[pri:0, instance:caw.studios.testcases.web.DynamicHTMLTablePageTest@73194df]" started-at="2023-12-28T12:36:24 IST" name="inputDataFunctionalityCheck" data-provider="inputData" finished-at="2023-12-28T12:36:26 IST" duration-ms="2433" status="PASS">
          <params>
            <param index="0">
              <value>
                <![CDATA[[{"gender":"male","name":"Bob","age":20},{"gender":"male","name":"George","age":42},{"gender":"female","name":"Sara","age":42},{"gender":"male","name":"Conor","age":40},{"gender":"female","name":"Jennifer","age":42}]]]>
              </value>
            </param>
          </params>
          <reporter-output>
          </reporter-output>
        </test-method> <!-- inputDataFunctionalityCheck -->
      </class> <!-- caw.studios.testcases.web.DynamicHTMLTablePageTest -->
    </test> <!-- DynamicHTMLTablePageTest-Edge -->
    <test started-at="2023-12-28T12:36:16 IST" name="DynamicHTMLTablePageTest-Chrome" finished-at="2023-12-28T12:36:26 IST" duration-ms="9833">
      <class name="caw.studios.testcases.web.LaunchWebSitePageTest">
        <test-method is-config="true" signature="initializeDriver(java.lang.String,java.lang.String)[pri:0, instance:caw.studios.testcases.web.LaunchWebSitePageTest@c94fd30]" started-at="2023-12-28T12:36:16 IST" name="initializeDriver" finished-at="2023-12-28T12:36:22 IST" duration-ms="5178" status="PASS">
          <params>
            <param index="0">
              <value>
                <![CDATA[chrome]]>
              </value>
            </param>
            <param index="1">
              <value>
                <![CDATA[web]]>
              </value>
            </param>
          </params>
          <reporter-output>
          </reporter-output>
        </test-method> <!-- initializeDriver -->
        <test-method is-config="true" signature="launchWebsite()[pri:0, instance:caw.studios.testcases.web.LaunchWebSitePageTest@c94fd30]" started-at="2023-12-28T12:36:22 IST" name="launchWebsite" finished-at="2023-12-28T12:36:22 IST" duration-ms="15" status="PASS">
          <reporter-output>
          </reporter-output>
        </test-method> <!-- launchWebsite -->
        <test-method signature="launchWebSiteFunctionalityCheck(java.lang.String)[pri:0, instance:caw.studios.testcases.web.LaunchWebSitePageTest@c94fd30]" started-at="2023-12-28T12:36:22 IST" name="launchWebSiteFunctionalityCheck" data-provider="URL" finished-at="2023-12-28T12:36:23 IST" duration-ms="1264" status="PASS">
          <params>
            <param index="0">
              <value>
                <![CDATA[https://testpages.herokuapp.com/styled/tag/dynamic-table.html]]>
              </value>
            </param>
          </params>
          <reporter-output>
          </reporter-output>
        </test-method> <!-- launchWebSiteFunctionalityCheck -->
        <test-method is-config="true" signature="tearDown()[pri:0, instance:caw.studios.testcases.web.LaunchWebSitePageTest@c94fd30]" started-at="2023-12-28T12:36:26 IST" name="tearDown" finished-at="2023-12-28T12:36:26 IST" duration-ms="202" status="PASS">
          <reporter-output>
          </reporter-output>
        </test-method> <!-- tearDown -->
      </class> <!-- caw.studios.testcases.web.LaunchWebSitePageTest -->
      <class name="caw.studios.testcases.web.DynamicHTMLTablePageTest">
        <test-method is-config="true" signature="launchDynamicHTMLTablePage()[pri:0, instance:caw.studios.testcases.web.DynamicHTMLTablePageTest@29526c05]" started-at="2023-12-28T12:36:23 IST" name="launchDynamicHTMLTablePage" finished-at="2023-12-28T12:36:23 IST" duration-ms="39" status="PASS">
          <reporter-output>
          </reporter-output>
        </test-method> <!-- launchDynamicHTMLTablePage -->
        <test-method signature="inputDataFunctionalityCheck(java.lang.Object)[pri:0, instance:caw.studios.testcases.web.DynamicHTMLTablePageTest@29526c05]" started-at="2023-12-28T12:36:23 IST" name="inputDataFunctionalityCheck" data-provider="inputData" finished-at="2023-12-28T12:36:26 IST" duration-ms="2474" status="PASS">
          <params>
            <param index="0">
              <value>
                <![CDATA[[{"gender":"male","name":"Bob","age":20},{"gender":"male","name":"George","age":42},{"gender":"female","name":"Sara","age":42},{"gender":"male","name":"Conor","age":40},{"gender":"female","name":"Jennifer","age":42}]]]>
              </value>
            </param>
          </params>
          <reporter-output>
          </reporter-output>
        </test-method> <!-- inputDataFunctionalityCheck -->
      </class> <!-- caw.studios.testcases.web.DynamicHTMLTablePageTest -->
    </test> <!-- DynamicHTMLTablePageTest-Chrome -->
  </suite> <!-- DynamicHTMLTablePageTest -->
</testng-results>
