<?xml version="1.0" encoding="UTF-8"?>
<testng-results ignored="0" total="2" passed="2" failed="0" skipped="0">
  <reporter-output>
  </reporter-output>
  <suite started-at="2023-12-28T14:50:17 IST" name="LaunchWebSitePageTest" finished-at="2023-12-28T14:50:27 IST" duration-ms="10107">
    <groups>
    </groups>
    <test started-at="2023-12-28T14:50:17 IST" name="LaunchWebSitePageTest-Chrome" finished-at="2023-12-28T14:50:27 IST" duration-ms="10041">
      <class name="caw.studios.testcases.web.LaunchWebSitePageTest">
        <test-method is-config="true" signature="initializeDriver(java.lang.String,java.lang.String)[pri:0, instance:caw.studios.testcases.web.LaunchWebSitePageTest@63fbfaeb]" started-at="2023-12-28T14:50:17 IST" name="initializeDriver" finished-at="2023-12-28T14:50:24 IST" duration-ms="6480" status="PASS">
          <params>
            <param index="0">
              <value>
                <![CDATA[chrome]]>
              </value>
            </param>
            <param index="1">
              <value>
                <![CDATA[web]]>
              </value>
            </param>
          </params>
          <reporter-output>
          </reporter-output>
        </test-method> <!-- initializeDriver -->
        <test-method is-config="true" signature="launchWebsite()[pri:0, instance:caw.studios.testcases.web.LaunchWebSitePageTest@63fbfaeb]" started-at="2023-12-28T14:50:24 IST" name="launchWebsite" finished-at="2023-12-28T14:50:24 IST" duration-ms="1" status="PASS">
          <reporter-output>
          </reporter-output>
        </test-method> <!-- launchWebsite -->
        <test-method signature="launchWebSiteFunctionalityCheck(java.lang.String)[pri:0, instance:caw.studios.testcases.web.LaunchWebSitePageTest@63fbfaeb]" started-at="2023-12-28T14:50:24 IST" name="launchWebSiteFunctionalityCheck" data-provider="URL" finished-at="2023-12-28T14:50:27 IST" duration-ms="3068" status="PASS">
          <params>
            <param index="0">
              <value>
                <![CDATA[https://testpages.herokuapp.com/styled/tag/dynamic-table.html]]>
              </value>
            </param>
          </params>
          <reporter-output>
          </reporter-output>
        </test-method> <!-- launchWebSiteFunctionalityCheck -->
        <test-method is-config="true" signature="tearDown()[pri:0, instance:caw.studios.testcases.web.LaunchWebSitePageTest@63fbfaeb]" started-at="2023-12-28T14:50:27 IST" name="tearDown" finished-at="2023-12-28T14:50:27 IST" duration-ms="208" status="PASS">
          <reporter-output>
          </reporter-output>
        </test-method> <!-- tearDown -->
      </class> <!-- caw.studios.testcases.web.LaunchWebSitePageTest -->
    </test> <!-- LaunchWebSitePageTest-Chrome -->
    <test started-at="2023-12-28T14:50:17 IST" name="LaunchWebSitePageTest-Edge" finished-at="2023-12-28T14:50:27 IST" duration-ms="10107">
      <class name="caw.studios.testcases.web.LaunchWebSitePageTest">
        <test-method is-config="true" signature="initializeDriver(java.lang.String,java.lang.String)[pri:0, instance:caw.studios.testcases.web.LaunchWebSitePageTest@2e6a5539]" started-at="2023-12-28T14:50:17 IST" name="initializeDriver" finished-at="2023-12-28T14:50:23 IST" duration-ms="5528" status="PASS">
          <params>
            <param index="0">
              <value>
                <![CDATA[Edge]]>
              </value>
            </param>
            <param index="1">
              <value>
                <![CDATA[web]]>
              </value>
            </param>
          </params>
          <reporter-output>
          </reporter-output>
        </test-method> <!-- initializeDriver -->
        <test-method is-config="true" signature="launchWebsite()[pri:0, instance:caw.studios.testcases.web.LaunchWebSitePageTest@2e6a5539]" started-at="2023-12-28T14:50:23 IST" name="launchWebsite" finished-at="2023-12-28T14:50:23 IST" duration-ms="32" status="PASS">
          <reporter-output>
          </reporter-output>
        </test-method> <!-- launchWebsite -->
        <test-method signature="launchWebSiteFunctionalityCheck(java.lang.String)[pri:0, instance:caw.studios.testcases.web.LaunchWebSitePageTest@2e6a5539]" started-at="2023-12-28T14:50:23 IST" name="launchWebSiteFunctionalityCheck" data-provider="URL" finished-at="2023-12-28T14:50:27 IST" duration-ms="3956" status="PASS">
          <params>
            <param index="0">
              <value>
                <![CDATA[https://testpages.herokuapp.com/styled/tag/dynamic-table.html]]>
              </value>
            </param>
          </params>
          <reporter-output>
          </reporter-output>
        </test-method> <!-- launchWebSiteFunctionalityCheck -->
        <test-method is-config="true" signature="tearDown()[pri:0, instance:caw.studios.testcases.web.LaunchWebSitePageTest@2e6a5539]" started-at="2023-12-28T14:50:27 IST" name="tearDown" finished-at="2023-12-28T14:50:27 IST" duration-ms="259" status="PASS">
          <reporter-output>
          </reporter-output>
        </test-method> <!-- tearDown -->
      </class> <!-- caw.studios.testcases.web.LaunchWebSitePageTest -->
    </test> <!-- LaunchWebSitePageTest-Edge -->
  </suite> <!-- LaunchWebSitePageTest -->
</testng-results>
